[2024-02-17 17:48:54,423] 24 root - INFO - data ingestion started
[2024-02-17 17:48:54,423] 28 root - INFO -  i have read dataset as a df
[2024-02-17 17:48:54,433] 33 root - INFO -  i have saved the raw dataset in artifact folder
[2024-02-17 17:48:54,433] 35 root - INFO - here i have performed train test split
[2024-02-17 17:48:54,433] 38 root - INFO - train test split completed
[2024-02-17 17:48:54,452] 43 root - INFO - data ingestion part completed
[2024-02-17 17:48:54,472] 91 root - INFO - read train and test data complete
[2024-02-17 17:48:54,484] 92 root - INFO - Train Dataframe Head : 
   age     sex   bmi  children smoker     region  expenses
0   19    male  20.9         1     no  southwest   1832.09
1   18  female  31.1         0     no  southeast   1621.88
2   20    male  35.6         3    yes  northwest  37465.34
3   47  female  24.1         1     no  southwest  26236.58
4   38    male  34.7         2     no  southwest   6082.41
[2024-02-17 17:48:54,484] 93 root - INFO - Test Dataframe Head : 
   age     sex   bmi  children smoker     region  expenses
0   20  female  26.8         1    yes  southeast  17085.27
1   50    male  32.3         2     no  southwest   9630.40
2   28    male  33.0         3     no  southeast   4449.46
3   61    male  33.5         0     no  northeast  13143.34
4   55    male  29.9         0     no  southwest  10214.64
[2024-02-17 17:48:54,484] 34 root - INFO - Data Transformation initiated
[2024-02-17 17:48:54,512] 111 root - INFO - Applying preprocessing object on training and testing datasets.
[2024-02-17 17:48:54,512] 121 root - INFO - preprocessing pickle file saved
[2024-02-17 17:48:54,512] 26 root - INFO - Splitting Dependent and Independent variables from train and test data
[2024-02-17 17:48:55,345] 44 root - INFO - Model Report : {'LinearRegression': 0.7810680451064239, 'DT': 0.880590043756151, 'RandonForest': 0.8661546839423266, 'GradientB': 0.8811395602206866}
[2024-02-17 17:48:55,345] 57 root - INFO - Best Model Found , Model Name : GradientB , R2 Score : 0.8811395602206866
