[2024-02-29 17:59:04,853] 24 root - INFO - data ingestion started
[2024-02-29 17:59:04,853] 28 root - INFO -  i have read dataset as a df
[2024-02-29 17:59:04,863] 33 root - INFO -  i have saved the raw dataset in artifact folder
[2024-02-29 17:59:04,863] 35 root - INFO - here i have performed train test split
[2024-02-29 17:59:04,863] 38 root - INFO - train test split completed
[2024-02-29 17:59:04,872] 43 root - INFO - data ingestion part completed
[2024-02-29 17:59:04,891] 91 root - INFO - read train and test data complete
[2024-02-29 17:59:04,893] 92 root - INFO - Train Dataframe Head : 
   age     sex   bmi  children smoker     region  expenses
0   46  female  27.7         1     no  southeast   8232.64
1   51  female  18.1         0     no  northwest   9644.25
2   59  female  26.7         3     no  northwest  14382.71
3   46    male  22.3         0     no  southwest   7147.11
4   31  female  38.1         1    yes  northeast  58571.07
[2024-02-29 17:59:04,903] 93 root - INFO - Test Dataframe Head : 
   age     sex   bmi  children smoker     region  expenses
0   19  female  30.0         0    yes  northwest  33307.55
1   50  female  23.5         2     no  southeast  10107.22
2   54  female  47.4         0    yes  southeast  63770.43
3   55  female  26.8         1     no  southwest  35160.13
4   20  female  29.0         0     no  northwest   2257.48
[2024-02-29 17:59:04,903] 34 root - INFO - Data Transformation initiated
[2024-02-29 17:59:04,917] 111 root - INFO - Applying preprocessing object on training and testing datasets.
[2024-02-29 17:59:04,917] 121 root - INFO - preprocessing pickle file saved
[2024-02-29 17:59:04,917] 26 root - INFO - Splitting Dependent and Independent variables from train and test data
[2024-02-29 17:59:05,503] 44 root - INFO - Model Report : {'LinearRegression': 0.7661599264032863, 'DT': 0.8637395399045826, 'RandonForest': 0.8607715328812527, 'GradientB': 0.8680772093128402}
[2024-02-29 17:59:05,503] 57 root - INFO - Best Model Found , Model Name : GradientB , R2 Score : 0.8680772093128402
