[2024-02-29 18:01:21,183] 24 root - INFO - data ingestion started
[2024-02-29 18:01:21,183] 28 root - INFO -  i have read dataset as a df
[2024-02-29 18:01:21,192] 33 root - INFO -  i have saved the raw dataset in artifact folder
[2024-02-29 18:01:21,192] 35 root - INFO - here i have performed train test split
[2024-02-29 18:01:21,192] 38 root - INFO - train test split completed
[2024-02-29 18:01:21,203] 43 root - INFO - data ingestion part completed
[2024-02-29 18:01:21,223] 91 root - INFO - read train and test data complete
[2024-02-29 18:01:21,223] 92 root - INFO - Train Dataframe Head : 
   age     sex   bmi  children smoker     region  expenses
0   53  female  38.1         3     no  southeast  20463.00
1   56  female  39.8         0     no  southeast  11090.72
2   32  female  29.8         2     no  southwest   5152.13
3   64  female  31.3         2    yes  southwest  47291.06
4   61  female  25.1         0     no  southeast  24513.09
[2024-02-29 18:01:21,223] 93 root - INFO - Test Dataframe Head : 
   age     sex   bmi  children smoker     region  expenses
0   50  female  27.6         1    yes  southwest  24520.26
1   26  female  28.8         0     no  northeast   3385.40
2   28  female  26.5         2     no  southeast   4340.44
3   30    male  25.5         0     no  northeast   3645.09
4   41    male  40.3         0     no  southeast   5709.16
[2024-02-29 18:01:21,223] 34 root - INFO - Data Transformation initiated
[2024-02-29 18:01:21,243] 111 root - INFO - Applying preprocessing object on training and testing datasets.
[2024-02-29 18:01:21,243] 121 root - INFO - preprocessing pickle file saved
[2024-02-29 18:01:21,243] 26 root - INFO - Splitting Dependent and Independent variables from train and test data
[2024-02-29 18:01:21,823] 44 root - INFO - Model Report : {'LinearRegression': 0.7765840209823218, 'DT': 0.8581711179427114, 'RandonForest': 0.8446866353403987, 'GradientB': 0.8648407661746496}
[2024-02-29 18:01:21,823] 57 root - INFO - Best Model Found , Model Name : GradientB , R2 Score : 0.8648407661746496
