[2024-02-26 16:56:20,993] 24 root - INFO - data ingestion started
[2024-02-26 16:56:20,998] 28 root - INFO -  i have read dataset as a df
[2024-02-26 16:56:21,007] 33 root - INFO -  i have saved the raw dataset in artifact folder
[2024-02-26 16:56:21,007] 35 root - INFO - here i have performed train test split
[2024-02-26 16:56:21,008] 38 root - INFO - train test split completed
[2024-02-26 16:56:21,016] 43 root - INFO - data ingestion part completed
[2024-02-26 16:56:21,041] 91 root - INFO - read train and test data complete
[2024-02-26 16:56:21,046] 92 root - INFO - Train Dataframe Head : 
   age     sex   bmi  children smoker     region  expenses
0   44    male  25.4         1     no  northwest   7518.03
1   52    male  34.5         3    yes  northwest  60021.40
2   40    male  26.3         1     no  northwest   6389.38
3   37  female  38.4         0    yes  southeast  40419.02
4   47  female  33.3         0     no  northeast  20878.78
[2024-02-26 16:56:21,049] 93 root - INFO - Test Dataframe Head : 
   age     sex   bmi  children smoker     region  expenses
0   28    male  35.4         0     no  northeast   3268.85
1   54    male  25.1         3    yes  southwest  25382.30
2   47    male  19.6         1     no  northwest   8428.07
3   18    male  23.3         1     no  southeast   1711.03
4   23  female  31.4         0    yes  southwest  34166.27
[2024-02-26 16:56:21,049] 34 root - INFO - Data Transformation initiated
[2024-02-26 16:56:21,068] 111 root - INFO - Applying preprocessing object on training and testing datasets.
[2024-02-26 16:56:21,070] 121 root - INFO - preprocessing pickle file saved
[2024-02-26 16:56:21,070] 26 root - INFO - Splitting Dependent and Independent variables from train and test data
[2024-02-26 16:56:21,751] 44 root - INFO - Model Report : {'LinearRegression': 0.7556377763684514, 'DT': 0.8754181931018493, 'RandonForest': 0.8578118659441343, 'GradientB': 0.8705331679482637}
[2024-02-26 16:56:21,751] 57 root - INFO - Best Model Found , Model Name : DT , R2 Score : 0.8754181931018493
