[2024-02-29 17:30:03,327] 24 root - INFO - data ingestion started
[2024-02-29 17:30:03,335] 28 root - INFO -  i have read dataset as a df
[2024-02-29 17:30:03,344] 33 root - INFO -  i have saved the raw dataset in artifact folder
[2024-02-29 17:30:03,345] 35 root - INFO - here i have performed train test split
[2024-02-29 17:30:03,347] 38 root - INFO - train test split completed
[2024-02-29 17:30:03,356] 43 root - INFO - data ingestion part completed
[2024-02-29 17:30:03,385] 91 root - INFO - read train and test data complete
[2024-02-29 17:30:03,391] 92 root - INFO - Train Dataframe Head : 
   age     sex   bmi  children smoker     region  expenses
0   53  female  23.8         2     no  northeast  11729.68
1   20    male  27.3         0    yes  southwest  16232.85
2   23  female  24.2         2     no  northeast  22395.74
3   32  female  23.7         1     no  southeast  17626.24
4   31  female  21.8         0     no  northwest   4134.08
[2024-02-29 17:30:03,404] 93 root - INFO - Test Dataframe Head : 
   age     sex   bmi  children smoker     region  expenses
0   63    male  41.3         3     no  northwest  15555.19
1   34    male  27.0         2     no  southwest  11737.85
2   37  female  34.1         1     no  northwest   6112.35
3   43  female  25.3         1    yes  northeast  21771.34
4   18  female  39.2         0     no  southeast   1633.04
[2024-02-29 17:30:03,404] 34 root - INFO - Data Transformation initiated
[2024-02-29 17:30:03,429] 111 root - INFO - Applying preprocessing object on training and testing datasets.
[2024-02-29 17:30:03,430] 121 root - INFO - preprocessing pickle file saved
[2024-02-29 17:30:03,430] 26 root - INFO - Splitting Dependent and Independent variables from train and test data
[2024-02-29 17:30:04,382] 44 root - INFO - Model Report : {'LinearRegression': 0.7223538543631246, 'DT': 0.8246454129709363, 'RandonForest': 0.811332974961981, 'GradientB': 0.8297020839780278}
[2024-02-29 17:30:04,385] 57 root - INFO - Best Model Found , Model Name : GradientB , R2 Score : 0.8297020839780278
