[2024-02-29 17:31:43,810] 24 root - INFO - data ingestion started
[2024-02-29 17:31:43,819] 28 root - INFO -  i have read dataset as a df
[2024-02-29 17:31:43,829] 33 root - INFO -  i have saved the raw dataset in artifact folder
[2024-02-29 17:31:43,830] 35 root - INFO - here i have performed train test split
[2024-02-29 17:31:43,832] 38 root - INFO - train test split completed
[2024-02-29 17:31:43,848] 43 root - INFO - data ingestion part completed
[2024-02-29 17:31:43,890] 91 root - INFO - read train and test data complete
[2024-02-29 17:31:43,895] 92 root - INFO - Train Dataframe Head : 
   age     sex   bmi  children smoker     region  expenses
0   30    male  35.3         0    yes  southwest  36837.47
1   30  female  39.1         3    yes  southeast  40932.43
2   63  female  21.7         0     no  northeast  14449.85
3   50  female  27.1         1     no  northeast  10106.13
4   39  female  34.3         5     no  southeast   8596.83
[2024-02-29 17:31:43,908] 93 root - INFO - Test Dataframe Head : 
   age     sex   bmi  children smoker     region  expenses
0   34    male  42.1         2     no  southeast   5124.19
1   21  female  17.4         1     no  southwest   2585.27
2   22  female  30.4         0    yes  northwest  33907.55
3   33  female  38.9         3     no  southwest   5972.38
4   22  female  20.2         0     no  northwest   2527.82
[2024-02-29 17:31:43,908] 34 root - INFO - Data Transformation initiated
[2024-02-29 17:31:43,961] 111 root - INFO - Applying preprocessing object on training and testing datasets.
[2024-02-29 17:31:43,962] 121 root - INFO - preprocessing pickle file saved
[2024-02-29 17:31:43,963] 26 root - INFO - Splitting Dependent and Independent variables from train and test data
[2024-02-29 17:31:45,268] 44 root - INFO - Model Report : {'LinearRegression': 0.7721325299699351, 'DT': 0.8656004537460575, 'RandonForest': 0.8568029688783754, 'GradientB': 0.8778877756339899}
[2024-02-29 17:31:45,270] 57 root - INFO - Best Model Found , Model Name : GradientB , R2 Score : 0.8778877756339899
