[2024-02-29 17:32:42,218] 24 root - INFO - data ingestion started
[2024-02-29 17:32:42,225] 28 root - INFO -  i have read dataset as a df
[2024-02-29 17:32:42,236] 33 root - INFO -  i have saved the raw dataset in artifact folder
[2024-02-29 17:32:42,236] 35 root - INFO - here i have performed train test split
[2024-02-29 17:32:42,239] 38 root - INFO - train test split completed
[2024-02-29 17:32:42,247] 43 root - INFO - data ingestion part completed
[2024-02-29 17:32:42,278] 91 root - INFO - read train and test data complete
[2024-02-29 17:32:42,284] 92 root - INFO - Train Dataframe Head : 
   age     sex   bmi  children smoker     region  expenses
0   47  female  33.3         0     no  northeast  20878.78
1   31    male  39.5         1     no  southeast   3875.73
2   64    male  26.4         0     no  northeast  14394.56
3   43    male  30.1         1     no  southwest   6849.03
4   40  female  36.2         0     no  southeast   5920.10
[2024-02-29 17:32:42,288] 93 root - INFO - Test Dataframe Head : 
   age     sex   bmi  children smoker     region  expenses
0   19  female  30.6         2     no  northwest  24059.68
1   62    male  27.6         1     no  northwest  13937.67
2   41  female  28.3         1     no  northwest   7153.55
3   45  female  31.8         0     no  southeast  17929.30
4   56  female  37.5         2     no  southeast  12265.51
[2024-02-29 17:32:42,289] 34 root - INFO - Data Transformation initiated
[2024-02-29 17:32:42,316] 111 root - INFO - Applying preprocessing object on training and testing datasets.
[2024-02-29 17:32:42,317] 121 root - INFO - preprocessing pickle file saved
[2024-02-29 17:32:42,317] 26 root - INFO - Splitting Dependent and Independent variables from train and test data
[2024-02-29 17:32:43,150] 44 root - INFO - Model Report : {'LinearRegression': 0.7121827537212573, 'DT': 0.7934708733453708, 'RandonForest': 0.7979085705987172, 'GradientB': 0.8066256158800096}
[2024-02-29 17:32:43,151] 57 root - INFO - Best Model Found , Model Name : GradientB , R2 Score : 0.8066256158800096
