[2024-02-26 16:41:17,185] 24 root - INFO - data ingestion started
[2024-02-26 16:41:17,191] 28 root - INFO -  i have read dataset as a df
[2024-02-26 16:41:17,198] 33 root - INFO -  i have saved the raw dataset in artifact folder
[2024-02-26 16:41:17,198] 35 root - INFO - here i have performed train test split
[2024-02-26 16:41:17,200] 38 root - INFO - train test split completed
[2024-02-26 16:41:17,206] 43 root - INFO - data ingestion part completed
[2024-02-26 16:41:17,226] 91 root - INFO - read train and test data complete
[2024-02-26 16:41:17,231] 92 root - INFO - Train Dataframe Head : 
   age     sex   bmi  children smoker     region  expenses
0   22  female  23.2         0     no  northeast   2731.91
1   18    male  41.1         0     no  southeast   1146.80
2   59    male  31.8         2     no  southeast  12928.79
3   54    male  40.6         3    yes  northeast  48549.18
4   19    male  26.0         1    yes  northwest  16450.89
[2024-02-26 16:41:17,233] 93 root - INFO - Test Dataframe Head : 
   age     sex   bmi  children smoker     region  expenses
0   35    male  27.1         1     no  southwest   4746.34
1   36  female  30.0         0     no  northwest   5272.18
2   54  female  31.9         1     no  southeast  10928.85
3   61  female  33.3         4     no  southeast  36580.28
4   32  female  41.1         0     no  southwest   3989.84
[2024-02-26 16:41:17,233] 34 root - INFO - Data Transformation initiated
[2024-02-26 16:41:17,252] 111 root - INFO - Applying preprocessing object on training and testing datasets.
[2024-02-26 16:41:17,253] 121 root - INFO - preprocessing pickle file saved
[2024-02-26 16:41:17,253] 26 root - INFO - Splitting Dependent and Independent variables from train and test data
[2024-02-26 16:41:17,886] 44 root - INFO - Model Report : {'LinearRegression': 0.7400899126612424, 'DT': 0.8638792493832385, 'RandonForest': 0.8323670989650467, 'GradientB': 0.8725265953337867}
[2024-02-26 16:41:17,886] 57 root - INFO - Best Model Found , Model Name : GradientB , R2 Score : 0.8725265953337867
