[2024-03-01 14:14:55,560] 24 root - INFO - data ingestion started
[2024-03-01 14:14:55,560] 28 root - INFO -  i have read dataset as a df
[2024-03-01 14:14:55,571] 33 root - INFO -  i have saved the raw dataset in artifact folder
[2024-03-01 14:14:55,571] 35 root - INFO - here i have performed train test split
[2024-03-01 14:14:55,571] 38 root - INFO - train test split completed
[2024-03-01 14:14:55,583] 43 root - INFO - data ingestion part completed
[2024-03-01 14:14:55,610] 91 root - INFO - read train and test data complete
[2024-03-01 14:14:55,615] 92 root - INFO - Train Dataframe Head : 
   age     sex   bmi  children smoker     region  expenses
0   45    male  33.7         1     no  southwest   7445.92
1   53  female  35.9         2     no  southwest  11163.57
2   35  female  34.2         1     no  southeast   5245.23
3   25  female  26.8         2     no  northwest   4189.11
4   52    male  36.7         0     no  southwest   9144.57
[2024-03-01 14:14:55,620] 93 root - INFO - Test Dataframe Head : 
   age     sex   bmi  children smoker     region  expenses
0   22  female  23.2         0     no  northeast   2731.91
1   52  female  18.3         0     no  northwest   9991.04
2   38  female  37.7         0     no  southeast   5397.62
3   55    male  33.0         0     no  southeast  20781.49
4   23  female  31.4         0    yes  southwest  34166.27
[2024-03-01 14:14:55,620] 34 root - INFO - Data Transformation initiated
[2024-03-01 14:14:55,639] 111 root - INFO - Applying preprocessing object on training and testing datasets.
[2024-03-01 14:14:55,640] 121 root - INFO - preprocessing pickle file saved
[2024-03-01 14:14:55,642] 26 root - INFO - Splitting Dependent and Independent variables from train and test data
[2024-03-01 14:14:56,322] 44 root - INFO - Model Report : {'LinearRegression': 0.7283458748665103, 'DT': 0.7976909424131627, 'RandonForest': 0.7915307824121418, 'GradientB': 0.8099764805246923}
[2024-03-01 14:14:56,322] 57 root - INFO - Best Model Found , Model Name : GradientB , R2 Score : 0.8099764805246923
