[2024-03-01 14:44:31,333] 24 root - INFO - data ingestion started
[2024-03-01 14:44:31,369] 28 root - INFO -  i have read dataset as a df
[2024-03-01 14:44:31,381] 33 root - INFO -  i have saved the raw dataset in artifact folder
[2024-03-01 14:44:31,381] 35 root - INFO - here i have performed train test split
[2024-03-01 14:44:31,389] 38 root - INFO - train test split completed
[2024-03-01 14:44:31,398] 43 root - INFO - data ingestion part completed
[2024-03-01 14:44:31,422] 91 root - INFO - read train and test data complete
[2024-03-01 14:44:31,430] 92 root - INFO - Train Dataframe Head : 
   age     sex   bmi  children smoker     region  expenses
0   18  female  38.3         0     no  southeast  14133.04
1   33  female  35.5         0    yes  northwest  55135.40
2   56    male  36.1         3     no  southwest  12363.55
3   50  female  31.6         2     no  southwest  10118.42
4   60  female  30.5         0     no  southwest  12638.20
[2024-03-01 14:44:31,430] 93 root - INFO - Test Dataframe Head : 
   age     sex   bmi  children smoker     region  expenses
0   61  female  44.0         0     no  southwest  13063.88
1   41    male  32.2         2     no  southwest   6875.96
2   48    male  32.3         1     no  northwest   8765.25
3   26    male  27.1         0    yes  southeast  17043.34
4   49    male  25.8         1     no  northeast   9282.48
[2024-03-01 14:44:31,430] 34 root - INFO - Data Transformation initiated
[2024-03-01 14:44:31,465] 111 root - INFO - Applying preprocessing object on training and testing datasets.
[2024-03-01 14:44:31,465] 121 root - INFO - preprocessing pickle file saved
[2024-03-01 14:44:31,465] 26 root - INFO - Splitting Dependent and Independent variables from train and test data
[2024-03-01 14:44:32,283] 44 root - INFO - Model Report : {'LinearRegression': 0.7889533897147898, 'DT': 0.8735986365422777, 'RandonForest': 0.8471408966526918, 'GradientB': 0.8819972523103694}
[2024-03-01 14:44:32,283] 57 root - INFO - Best Model Found , Model Name : GradientB , R2 Score : 0.8819972523103694
