[2024-03-01 14:15:33,891] 24 root - INFO - data ingestion started
[2024-03-01 14:15:33,891] 28 root - INFO -  i have read dataset as a df
[2024-03-01 14:15:33,900] 33 root - INFO -  i have saved the raw dataset in artifact folder
[2024-03-01 14:15:33,900] 35 root - INFO - here i have performed train test split
[2024-03-01 14:15:33,900] 38 root - INFO - train test split completed
[2024-03-01 14:15:33,915] 43 root - INFO - data ingestion part completed
[2024-03-01 14:15:33,937] 91 root - INFO - read train and test data complete
[2024-03-01 14:15:33,940] 92 root - INFO - Train Dataframe Head : 
   age     sex   bmi  children smoker     region  expenses
0   49  female  36.6         3     no  southeast  10381.48
1   25  female  32.2         1     no  southeast  18218.16
2   21    male  31.0         0     no  southeast  16586.50
3   53  female  38.1         3     no  southeast  20463.00
4   31  female  23.6         2     no  southwest   4931.65
[2024-03-01 14:15:33,940] 93 root - INFO - Test Dataframe Head : 
   age     sex   bmi  children smoker     region  expenses
0   23  female  35.0         3     no  northwest   4466.62
1   18    male  33.5         0    yes  northeast  34617.84
2   35    male  39.7         4     no  northeast  19496.72
3   46    male  25.7         3     no  northwest   9301.89
4   53    male  24.3         0     no  northwest   9863.47
[2024-03-01 14:15:33,940] 34 root - INFO - Data Transformation initiated
[2024-03-01 14:15:33,960] 111 root - INFO - Applying preprocessing object on training and testing datasets.
[2024-03-01 14:15:33,960] 121 root - INFO - preprocessing pickle file saved
[2024-03-01 14:15:33,969] 26 root - INFO - Splitting Dependent and Independent variables from train and test data
[2024-03-01 14:15:34,660] 44 root - INFO - Model Report : {'LinearRegression': 0.7409879135688058, 'DT': 0.8521695612294954, 'RandonForest': 0.8490789268925578, 'GradientB': 0.8674832734091174}
[2024-03-01 14:15:34,662] 57 root - INFO - Best Model Found , Model Name : GradientB , R2 Score : 0.8674832734091174
