[2024-03-01 14:46:11,130] 24 root - INFO - data ingestion started
[2024-03-01 14:46:11,136] 28 root - INFO -  i have read dataset as a df
[2024-03-01 14:46:11,146] 33 root - INFO -  i have saved the raw dataset in artifact folder
[2024-03-01 14:46:11,146] 35 root - INFO - here i have performed train test split
[2024-03-01 14:46:11,148] 38 root - INFO - train test split completed
[2024-03-01 14:46:11,154] 43 root - INFO - data ingestion part completed
[2024-03-01 14:46:11,182] 91 root - INFO - read train and test data complete
[2024-03-01 14:46:11,190] 92 root - INFO - Train Dataframe Head : 
   age   sex   bmi  children smoker     region  expenses
0   31  male  25.9         1     no  northwest   4239.89
1   63  male  41.3         3     no  northwest  15555.19
2   28  male  23.8         2     no  southwest   3847.67
3   43  male  25.5         5     no  southeast  14478.33
4   21  male  36.9         0     no  northwest   1917.32
[2024-03-01 14:46:11,196] 93 root - INFO - Test Dataframe Head : 
   age     sex   bmi  children smoker     region  expenses
0   47    male  25.4         1    yes  southeast  21978.68
1   50  female  30.1         1     no  northwest   9910.36
2   55    male  37.7         3     no  northwest  30063.58
3   18  female  26.7         0     no  southeast   1615.77
4   42  female  37.9         0     no  southwest   6474.01
[2024-03-01 14:46:11,196] 34 root - INFO - Data Transformation initiated
[2024-03-01 14:46:11,220] 111 root - INFO - Applying preprocessing object on training and testing datasets.
[2024-03-01 14:46:11,222] 121 root - INFO - preprocessing pickle file saved
[2024-03-01 14:46:11,222] 26 root - INFO - Splitting Dependent and Independent variables from train and test data
[2024-03-01 14:46:12,011] 44 root - INFO - Model Report : {'LinearRegression': 0.733765986073749, 'DT': 0.8432507659490096, 'RandonForest': 0.8379870101738671, 'GradientB': 0.840167307035956}
[2024-03-01 14:46:12,012] 57 root - INFO - Best Model Found , Model Name : DT , R2 Score : 0.8432507659490096
